  pch.cpp
  dllmain.cpp
  Source.cpp
C:\Users\BzMus\source\repos\OpenGL WallHack DLL\OpenGL WallHack DLL\Source.cpp(10,12): error C2485: 'naked': unrecognized extended attribute
C:\Users\BzMus\source\repos\OpenGL WallHack DLL\OpenGL WallHack DLL\Source.cpp(11,2): error C4235: nonstandard extension used: '__asm' keyword not supported on this architecture
C:\Users\BzMus\source\repos\OpenGL WallHack DLL\OpenGL WallHack DLL\Source.cpp(12,3): error C2065: 'pushad': undeclared identifier
C:\Users\BzMus\source\repos\OpenGL WallHack DLL\OpenGL WallHack DLL\Source.cpp(13,3): error C2146: syntax error: missing ';' before identifier 'mov'
C:\Users\BzMus\source\repos\OpenGL WallHack DLL\OpenGL WallHack DLL\Source.cpp(13,3): error C2065: 'mov': undeclared identifier
C:\Users\BzMus\source\repos\OpenGL WallHack DLL\OpenGL WallHack DLL\Source.cpp(13,7): error C2146: syntax error: missing ';' before identifier 'eax'
C:\Users\BzMus\source\repos\OpenGL WallHack DLL\OpenGL WallHack DLL\Source.cpp(13,7): error C2065: 'eax': undeclared identifier
C:\Users\BzMus\source\repos\OpenGL WallHack DLL\OpenGL WallHack DLL\Source.cpp(13,12): error C2065: 'dword': undeclared identifier
C:\Users\BzMus\source\repos\OpenGL WallHack DLL\OpenGL WallHack DLL\Source.cpp(13,18): error C2146: syntax error: missing ';' before identifier 'ptr'
C:\Users\BzMus\source\repos\OpenGL WallHack DLL\OpenGL WallHack DLL\Source.cpp(13,18): error C2065: 'ptr': undeclared identifier
C:\Users\BzMus\source\repos\OpenGL WallHack DLL\OpenGL WallHack DLL\Source.cpp(13,22): error C2146: syntax error: missing ';' before identifier 'ds'
C:\Users\BzMus\source\repos\OpenGL WallHack DLL\OpenGL WallHack DLL\Source.cpp(13,28): error C2337: 'esp': attribute not found
C:\Users\BzMus\source\repos\OpenGL WallHack DLL\OpenGL WallHack DLL\Source.cpp(13,32): error C2143: syntax error: missing ']' before '+'
C:\Users\BzMus\source\repos\OpenGL WallHack DLL\OpenGL WallHack DLL\Source.cpp(13,32): error C2059: syntax error: '+'
C:\Users\BzMus\source\repos\OpenGL WallHack DLL\OpenGL WallHack DLL\Source.cpp(26,2): error C4235: nonstandard extension used: '__asm' keyword not supported on this architecture
C:\Users\BzMus\source\repos\OpenGL WallHack DLL\OpenGL WallHack DLL\Source.cpp(27,3): error C2065: 'popad': undeclared identifier
C:\Users\BzMus\source\repos\OpenGL WallHack DLL\OpenGL WallHack DLL\Source.cpp(28,3): error C2146: syntax error: missing ';' before identifier 'mov'
C:\Users\BzMus\source\repos\OpenGL WallHack DLL\OpenGL WallHack DLL\Source.cpp(28,3): error C2065: 'mov': undeclared identifier
C:\Users\BzMus\source\repos\OpenGL WallHack DLL\OpenGL WallHack DLL\Source.cpp(28,7): error C2146: syntax error: missing ';' before identifier 'esi'
C:\Users\BzMus\source\repos\OpenGL WallHack DLL\OpenGL WallHack DLL\Source.cpp(28,7): error C2065: 'esi': undeclared identifier
C:\Users\BzMus\source\repos\OpenGL WallHack DLL\OpenGL WallHack DLL\Source.cpp(28,12): error C2065: 'dword': undeclared identifier
C:\Users\BzMus\source\repos\OpenGL WallHack DLL\OpenGL WallHack DLL\Source.cpp(28,18): error C2146: syntax error: missing ';' before identifier 'ptr'
C:\Users\BzMus\source\repos\OpenGL WallHack DLL\OpenGL WallHack DLL\Source.cpp(28,18): error C2065: 'ptr': undeclared identifier
C:\Users\BzMus\source\repos\OpenGL WallHack DLL\OpenGL WallHack DLL\Source.cpp(28,22): error C2146: syntax error: missing ';' before identifier 'ds'
C:\Users\BzMus\source\repos\OpenGL WallHack DLL\OpenGL WallHack DLL\Source.cpp(28,28): error C2337: 'esi': attribute not found
C:\Users\BzMus\source\repos\OpenGL WallHack DLL\OpenGL WallHack DLL\Source.cpp(28,32): error C2143: syntax error: missing ']' before '+'
C:\Users\BzMus\source\repos\OpenGL WallHack DLL\OpenGL WallHack DLL\Source.cpp(28,32): error C2059: syntax error: '+'
C:\Users\BzMus\source\repos\OpenGL WallHack DLL\OpenGL WallHack DLL\Source.cpp(28,22): error C2045: 'ds': label redefined
C:\Users\BzMus\source\repos\OpenGL WallHack DLL\OpenGL WallHack DLL\Source.cpp(44,52): warning C4311: 'type cast': pointer truncation from 'void (__cdecl *)(void)' to 'DWORD'
C:\Users\BzMus\source\repos\OpenGL WallHack DLL\OpenGL WallHack DLL\Source.cpp(44,52): warning C4302: 'type cast': truncation from 'void (__cdecl *)(void)' to 'DWORD'
C:\Users\BzMus\source\repos\OpenGL WallHack DLL\OpenGL WallHack DLL\Source.cpp(44,76): warning C4311: 'type cast': pointer truncation from 'unsigned char *' to 'DWORD'
C:\Users\BzMus\source\repos\OpenGL WallHack DLL\OpenGL WallHack DLL\Source.cpp(44,76): warning C4302: 'type cast': truncation from 'unsigned char *' to 'DWORD'
C:\Users\BzMus\source\repos\OpenGL WallHack DLL\OpenGL WallHack DLL\Source.cpp(46,46): warning C4311: 'type cast': pointer truncation from 'unsigned char *' to 'DWORD'
C:\Users\BzMus\source\repos\OpenGL WallHack DLL\OpenGL WallHack DLL\Source.cpp(46,46): warning C4302: 'type cast': truncation from 'unsigned char *' to 'DWORD'
  Generating Code...
